# JRE version: OpenJDK Runtime Environment (8.0_152-b01) (build 1.8.0_152-release-915-b01)
# Java VM: OpenJDK 64-Bit Server VM (25.152-b01 mixed mode windows-amd64 compressed oops)
Heap:
 PSYoungGen      total 134144K, used 109744K [0x00000000e0000000, 0x00000000ea080000, 0x0000000100000000)
  eden space 112640K, 97% used [0x00000000e0000000,0x00000000e6b2c128,0x00000000e6e00000)
  from space 21504K, 0% used [0x00000000e8300000,0x00000000e8300000,0x00000000e9800000)
  to   space 21504K, 0% used [0x00000000e6e00000,0x00000000e6e00000,0x00000000e8300000)
 ParOldGen       total 147968K, used 35696K [0x00000000a0000000, 0x00000000a9080000, 0x00000000e0000000)
  object space 147968K, 24% used [0x00000000a0000000,0x00000000a22dc138,0x00000000a9080000)
 Metaspace       used 64430K, capacity 66996K, committed 67032K, reserved 1107968K
  class space    used 8676K, capacity 9210K, committed 9216K, reserved 1048576K
GC Heap History (10 events):
Event: 26.059 GC heap before
{Heap before GC invocations=15 (full 2):
 PSYoungGen      total 89088K, used 88908K [0x00000000e0000000, 0x00000000e6380000, 0x0000000100000000)
  eden space 78336K, 100% used [0x00000000e0000000,0x00000000e4c80000,0x00000000e4c80000)
  from space 10752K, 98% used [0x00000000e5900000,0x00000000e6353298,0x00000000e6380000)
  to   space 11776K, 0% used [0x00000000e4c80000,0x00000000e4c80000,0x00000000e5800000)
 ParOldGen       total 101376K, used 16292K [0x00000000a0000000, 0x00000000a6300000, 0x00000000e0000000)
  object space 101376K, 16% used [0x00000000a0000000,0x00000000a0fe9138,0x00000000a6300000)
 Metaspace       used 49124K, capacity 50292K, committed 50520K, reserved 1093632K
  class space    used 6593K, capacity 6984K, committed 7040K, reserved 1048576K
Event: 26.072 GC heap after
Heap after GC invocations=15 (full 2):
 PSYoungGen      total 90112K, used 11751K [0x00000000e0000000, 0x00000000e7b80000, 0x0000000100000000)
  eden space 78336K, 0% used [0x00000000e0000000,0x00000000e0000000,0x00000000e4c80000)
  from space 11776K, 99% used [0x00000000e4c80000,0x00000000e57f9eb0,0x00000000e5800000)
  to   space 14336K, 0% used [0x00000000e6d80000,0x00000000e6d80000,0x00000000e7b80000)
 ParOldGen       total 101376K, used 20221K [0x00000000a0000000, 0x00000000a6300000, 0x00000000e0000000)
  object space 101376K, 19% used [0x00000000a0000000,0x00000000a13bf540,0x00000000a6300000)
 Metaspace       used 49124K, capacity 50292K, committed 50520K, reserved 1093632K
  class space    used 6593K, capacity 6984K, committed 7040K, reserved 1048576K
}
Event: 30.481 GC heap before
{Heap before GC invocations=16 (full 2):
 PSYoungGen      total 90112K, used 90087K [0x00000000e0000000, 0x00000000e7b80000, 0x0000000100000000)
  eden space 78336K, 100% used [0x00000000e0000000,0x00000000e4c80000,0x00000000e4c80000)
  from space 11776K, 99% used [0x00000000e4c80000,0x00000000e57f9eb0,0x00000000e5800000)
  to   space 14336K, 0% used [0x00000000e6d80000,0x00000000e6d80000,0x00000000e7b80000)
 ParOldGen       total 101376K, used 20221K [0x00000000a0000000, 0x00000000a6300000, 0x00000000e0000000)
  object space 101376K, 19% used [0x00000000a0000000,0x00000000a13bf540,0x00000000a6300000)
 Metaspace       used 54459K, capacity 56128K, committed 56280K, reserved 1097728K
  class space    used 7440K, capacity 7848K, committed 7936K, reserved 1048576K
Event: 30.509 GC heap after
Heap after GC invocations=16 (full 2):
 PSYoungGen      total 108032K, used 14317K [0x00000000e0000000, 0x00000000e8200000, 0x0000000100000000)
  eden space 93696K, 0% used [0x00000000e0000000,0x00000000e0000000,0x00000000e5b80000)
  from space 14336K, 99% used [0x00000000e6d80000,0x00000000e7b7b530,0x00000000e7b80000)
  to   space 18432K, 0% used [0x00000000e5b80000,0x00000000e5b80000,0x00000000e6d80000)
 ParOldGen       total 101376K, used 25954K [0x00000000a0000000, 0x00000000a6300000, 0x00000000e0000000)
  object space 101376K, 25% used [0x00000000a0000000,0x00000000a19588b8,0x00000000a6300000)
 Metaspace       used 54459K, capacity 56128K, committed 56280K, reserved 1097728K
  class space    used 7440K, capacity 7848K, committed 7936K, reserved 1048576K
}
Event: 55.089 GC heap before
{Heap before GC invocations=17 (full 2):
 PSYoungGen      total 108032K, used 108013K [0x00000000e0000000, 0x00000000e8200000, 0x0000000100000000)
  eden space 93696K, 100% used [0x00000000e0000000,0x00000000e5b80000,0x00000000e5b80000)
  from space 14336K, 99% used [0x00000000e6d80000,0x00000000e7b7b530,0x00000000e7b80000)
  to   space 18432K, 0% used [0x00000000e5b80000,0x00000000e5b80000,0x00000000e6d80000)
 ParOldGen       total 101376K, used 25954K [0x00000000a0000000, 0x00000000a6300000, 0x00000000e0000000)
  object space 101376K, 25% used [0x00000000a0000000,0x00000000a19588b8,0x00000000a6300000)
 Metaspace       used 56467K, capacity 58304K, committed 58584K, reserved 1099776K
  class space    used 7637K, capacity 8082K, committed 8192K, reserved 1048576K
Event: 55.133 GC heap after
Heap after GC invocations=17 (full 2):
 PSYoungGen      total 112128K, used 18413K [0x00000000e0000000, 0x00000000e9800000, 0x0000000100000000)
  eden space 93696K, 0% used [0x00000000e0000000,0x00000000e0000000,0x00000000e5b80000)
  from space 18432K, 99% used [0x00000000e5b80000,0x00000000e6d7b530,0x00000000e6d80000)
  to   space 21504K, 0% used [0x00000000e8300000,0x00000000e8300000,0x00000000e9800000)
 ParOldGen       total 101376K, used 27574K [0x00000000a0000000, 0x00000000a6300000, 0x00000000e0000000)
  object space 101376K, 27% used [0x00000000a0000000,0x00000000a1aed8b8,0x00000000a6300000)
 Metaspace       used 56467K, capacity 58304K, committed 58584K, reserved 1099776K
  class space    used 7637K, capacity 8082K, committed 8192K, reserved 1048576K
}
Event: 55.805 GC heap before
{Heap before GC invocations=18 (full 2):
 PSYoungGen      total 112128K, used 34045K [0x00000000e0000000, 0x00000000e9800000, 0x0000000100000000)
  eden space 93696K, 16% used [0x00000000e0000000,0x00000000e0f441b0,0x00000000e5b80000)
  from space 18432K, 99% used [0x00000000e5b80000,0x00000000e6d7b530,0x00000000e6d80000)
  to   space 21504K, 0% used [0x00000000e8300000,0x00000000e8300000,0x00000000e9800000)
 ParOldGen       total 101376K, used 27574K [0x00000000a0000000, 0x00000000a6300000, 0x00000000e0000000)
  object space 101376K, 27% used [0x00000000a0000000,0x00000000a1aed8b8,0x00000000a6300000)
 Metaspace       used 57129K, capacity 58952K, committed 59028K, reserved 1099776K
  class space    used 7721K, capacity 8162K, committed 8192K, reserved 1048576K
Event: 55.831 GC heap after
Heap after GC invocations=18 (full 2):
 PSYoungGen      total 134144K, used 12602K [0x00000000e0000000, 0x00000000ea080000, 0x0000000100000000)
  eden space 112640K, 0% used [0x00000000e0000000,0x00000000e0000000,0x00000000e6e00000)
  from space 21504K, 58% used [0x00000000e8300000,0x00000000e8f4eb10,0x00000000e9800000)
  to   space 21504K, 0% used [0x00000000e6e00000,0x00000000e6e00000,0x00000000e8300000)
 ParOldGen       total 101376K, used 34553K [0x00000000a0000000, 0x00000000a6300000, 0x00000000e0000000)
  object space 101376K, 34% used [0x00000000a0000000,0x00000000a21be7e0,0x00000000a6300000)
 Metaspace       used 57129K, capacity 58952K, committed 59028K, reserved 1099776K
  class space    used 7721K, capacity 8162K, committed 8192K, reserved 1048576K
}
Event: 55.831 GC heap before
{Heap before GC invocations=19 (full 3):
 PSYoungGen      total 134144K, used 12602K [0x00000000e0000000, 0x00000000ea080000, 0x0000000100000000)
  eden space 112640K, 0% used [0x00000000e0000000,0x00000000e0000000,0x00000000e6e00000)
  from space 21504K, 58% used [0x00000000e8300000,0x00000000e8f4eb10,0x00000000e9800000)
  to   space 21504K, 0% used [0x00000000e6e00000,0x00000000e6e00000,0x00000000e8300000)
 ParOldGen       total 101376K, used 34553K [0x00000000a0000000, 0x00000000a6300000, 0x00000000e0000000)
  object space 101376K, 34% used [0x00000000a0000000,0x00000000a21be7e0,0x00000000a6300000)
 Metaspace       used 57129K, capacity 58952K, committed 59028K, reserved 1099776K
  class space    used 7721K, capacity 8162K, committed 8192K, reserved 1048576K
Event: 56.160 GC heap after
Heap after GC invocations=19 (full 3):
 PSYoungGen      total 134144K, used 0K [0x00000000e0000000, 0x00000000ea080000, 0x0000000100000000)
  eden space 112640K, 0% used [0x00000000e0000000,0x00000000e0000000,0x00000000e6e00000)
  from space 21504K, 0% used [0x00000000e8300000,0x00000000e8300000,0x00000000e9800000)
  to   space 21504K, 0% used [0x00000000e6e00000,0x00000000e6e00000,0x00000000e8300000)
 ParOldGen       total 147968K, used 35696K [0x00000000a0000000, 0x00000000a9080000, 0x00000000e0000000)
  object space 147968K, 24% used [0x00000000a0000000,0x00000000a22dc138,0x00000000a9080000)
 Metaspace       used 57129K, capacity 58952K, committed 59028K, reserved 1099776K
  class space    used 7721K, capacity 8162K, committed 8192K, reserved 1048576K
}

