# JRE version: OpenJDK Runtime Environment (8.0_152-b01) (build 1.8.0_152-release-915-b01)
# Java VM: OpenJDK 64-Bit Server VM (25.152-b01 mixed mode windows-amd64 compressed oops)
Heap:
 PSYoungGen      total 467968K, used 327746K [0x00000000e0000000, 0x00000000ffa00000, 0x0000000100000000)
  eden space 416768K, 72% used [0x00000000e0000000,0x00000000f2588d10,0x00000000f9700000)
  from space 51200K, 53% used [0x00000000fc700000,0x00000000fe187b58,0x00000000ff900000)
  to   space 49152K, 0% used [0x00000000f9700000,0x00000000f9700000,0x00000000fc700000)
 ParOldGen       total 199680K, used 167253K [0x00000000a0000000, 0x00000000ac300000, 0x00000000e0000000)
  object space 199680K, 83% used [0x00000000a0000000,0x00000000aa355728,0x00000000ac300000)
 Metaspace       used 102873K, capacity 112792K, committed 112896K, reserved 1146880K
  class space    used 12999K, capacity 15319K, committed 15360K, reserved 1048576K
GC Heap History (10 events):
Event: 8160.349 GC heap before
{Heap before GC invocations=58 (full 4):
 PSYoungGen      total 300032K, used 300017K [0x00000000e0000000, 0x00000000f8a80000, 0x0000000100000000)
  eden space 274432K, 100% used [0x00000000e0000000,0x00000000f0c00000,0x00000000f0c00000)
  from space 25600K, 99% used [0x00000000f0c00000,0x00000000f24fc6b0,0x00000000f2500000)
  to   space 41984K, 0% used [0x00000000f6180000,0x00000000f6180000,0x00000000f8a80000)
 ParOldGen       total 199680K, used 142362K [0x00000000a0000000, 0x00000000ac300000, 0x00000000e0000000)
  object space 199680K, 71% used [0x00000000a0000000,0x00000000a8b06850,0x00000000ac300000)
 Metaspace       used 102409K, capacity 111896K, committed 112256K, reserved 1146880K
  class space    used 12938K, capacity 15115K, committed 15232K, reserved 1048576K
Event: 8160.420 GC heap after
Heap after GC invocations=58 (full 4):
 PSYoungGen      total 349696K, used 41973K [0x00000000e0000000, 0x00000000fa280000, 0x0000000100000000)
  eden space 307712K, 0% used [0x00000000e0000000,0x00000000e0000000,0x00000000f2c80000)
  from space 41984K, 99% used [0x00000000f6180000,0x00000000f8a7d4c0,0x00000000f8a80000)
  to   space 54272K, 0% used [0x00000000f2c80000,0x00000000f2c80000,0x00000000f6180000)
 ParOldGen       total 199680K, used 159927K [0x00000000a0000000, 0x00000000ac300000, 0x00000000e0000000)
  object space 199680K, 80% used [0x00000000a0000000,0x00000000a9c2ddf8,0x00000000ac300000)
 Metaspace       used 102409K, capacity 111896K, committed 112256K, reserved 1146880K
  class space    used 12938K, capacity 15115K, committed 15232K, reserved 1048576K
}
Event: 8163.719 GC heap before
{Heap before GC invocations=59 (full 4):
 PSYoungGen      total 349696K, used 349497K [0x00000000e0000000, 0x00000000fa280000, 0x0000000100000000)
  eden space 307712K, 99% used [0x00000000e0000000,0x00000000f2c50ff8,0x00000000f2c80000)
  from space 41984K, 99% used [0x00000000f6180000,0x00000000f8a7d4c0,0x00000000f8a80000)
  to   space 54272K, 0% used [0x00000000f2c80000,0x00000000f2c80000,0x00000000f6180000)
 ParOldGen       total 199680K, used 159927K [0x00000000a0000000, 0x00000000ac300000, 0x00000000e0000000)
  object space 199680K, 80% used [0x00000000a0000000,0x00000000a9c2ddf8,0x00000000ac300000)
 Metaspace       used 102439K, capacity 111900K, committed 112256K, reserved 1146880K
  class space    used 12938K, capacity 15115K, committed 15232K, reserved 1048576K
Event: 8163.764 GC heap after
Heap after GC invocations=59 (full 4):
 PSYoungGen      total 361984K, used 36464K [0x00000000e0000000, 0x00000000fca80000, 0x0000000100000000)
  eden space 307712K, 0% used [0x00000000e0000000,0x00000000e0000000,0x00000000f2c80000)
  from space 54272K, 67% used [0x00000000f2c80000,0x00000000f501c148,0x00000000f6180000)
  to   space 56320K, 0% used [0x00000000f9380000,0x00000000f9380000,0x00000000fca80000)
 ParOldGen       total 199680K, used 161063K [0x00000000a0000000, 0x00000000ac300000, 0x00000000e0000000)
  object space 199680K, 80% used [0x00000000a0000000,0x00000000a9d49ed8,0x00000000ac300000)
 Metaspace       used 102439K, capacity 111900K, committed 112256K, reserved 1146880K
  class space    used 12938K, capacity 15115K, committed 15232K, reserved 1048576K
}
Event: 8163.796 GC heap before
{Heap before GC invocations=60 (full 4):
 PSYoungGen      total 361984K, used 343333K [0x00000000e0000000, 0x00000000fca80000, 0x0000000100000000)
  eden space 307712K, 99% used [0x00000000e0000000,0x00000000f2bad600,0x00000000f2c80000)
  from space 54272K, 67% used [0x00000000f2c80000,0x00000000f501c148,0x00000000f6180000)
  to   space 56320K, 0% used [0x00000000f9380000,0x00000000f9380000,0x00000000fca80000)
 ParOldGen       total 199680K, used 161063K [0x00000000a0000000, 0x00000000ac300000, 0x00000000e0000000)
  object space 199680K, 80% used [0x00000000a0000000,0x00000000a9d49ed8,0x00000000ac300000)
 Metaspace       used 102439K, capacity 111900K, committed 112256K, reserved 1146880K
  class space    used 12938K, capacity 15115K, committed 15232K, reserved 1048576K
Event: 8163.865 GC heap after
Heap after GC invocations=60 (full 4):
 PSYoungGen      total 416256K, used 23341K [0x00000000e0000000, 0x00000000fd180000, 0x0000000100000000)
  eden space 359936K, 0% used [0x00000000e0000000,0x00000000e0000000,0x00000000f5f80000)
  from space 56320K, 41% used [0x00000000f9380000,0x00000000faa4b548,0x00000000fca80000)
  to   space 53248K, 0% used [0x00000000f5f80000,0x00000000f5f80000,0x00000000f9380000)
 ParOldGen       total 199680K, used 166513K [0x00000000a0000000, 0x00000000ac300000, 0x00000000e0000000)
  object space 199680K, 83% used [0x00000000a0000000,0x00000000aa29c718,0x00000000ac300000)
 Metaspace       used 102439K, capacity 111900K, committed 112256K, reserved 1146880K
  class space    used 12938K, capacity 15115K, committed 15232K, reserved 1048576K
}
Event: 8260.139 GC heap before
{Heap before GC invocations=61 (full 4):
 PSYoungGen      total 416256K, used 383277K [0x00000000e0000000, 0x00000000fd180000, 0x0000000100000000)
  eden space 359936K, 100% used [0x00000000e0000000,0x00000000f5f80000,0x00000000f5f80000)
  from space 56320K, 41% used [0x00000000f9380000,0x00000000faa4b548,0x00000000fca80000)
  to   space 53248K, 0% used [0x00000000f5f80000,0x00000000f5f80000,0x00000000f9380000)
 ParOldGen       total 199680K, used 166513K [0x00000000a0000000, 0x00000000ac300000, 0x00000000e0000000)
  object space 199680K, 83% used [0x00000000a0000000,0x00000000aa29c718,0x00000000ac300000)
 Metaspace       used 102518K, capacity 112020K, committed 112256K, reserved 1146880K
  class space    used 12950K, capacity 15155K, committed 15232K, reserved 1048576K
Event: 8260.181 GC heap after
Heap after GC invocations=61 (full 4):
 PSYoungGen      total 413184K, used 26176K [0x00000000e0000000, 0x00000000ff900000, 0x0000000100000000)
  eden space 359936K, 0% used [0x00000000e0000000,0x00000000e0000000,0x00000000f5f80000)
  from space 53248K, 49% used [0x00000000f5f80000,0x00000000f7910060,0x00000000f9380000)
  to   space 51200K, 0% used [0x00000000fc700000,0x00000000fc700000,0x00000000ff900000)
 ParOldGen       total 199680K, used 166733K [0x00000000a0000000, 0x00000000ac300000, 0x00000000e0000000)
  object space 199680K, 83% used [0x00000000a0000000,0x00000000aa2d3728,0x00000000ac300000)
 Metaspace       used 102518K, capacity 112020K, committed 112256K, reserved 1146880K
  class space    used 12950K, capacity 15155K, committed 15232K, reserved 1048576K
}
Event: 8434.926 GC heap before
{Heap before GC invocations=62 (full 4):
 PSYoungGen      total 413184K, used 386112K [0x00000000e0000000, 0x00000000ff900000, 0x0000000100000000)
  eden space 359936K, 100% used [0x00000000e0000000,0x00000000f5f80000,0x00000000f5f80000)
  from space 53248K, 49% used [0x00000000f5f80000,0x00000000f7910060,0x00000000f9380000)
  to   space 51200K, 0% used [0x00000000fc700000,0x00000000fc700000,0x00000000ff900000)
 ParOldGen       total 199680K, used 166733K [0x00000000a0000000, 0x00000000ac300000, 0x00000000e0000000)
  object space 199680K, 83% used [0x00000000a0000000,0x00000000aa2d3728,0x00000000ac300000)
 Metaspace       used 102691K, capacity 112412K, committed 112640K, reserved 1146880K
  class space    used 12976K, capacity 15239K, committed 15360K, reserved 1048576K
Event: 8434.980 GC heap after
Heap after GC invocations=62 (full 4):
 PSYoungGen      total 467968K, used 27166K [0x00000000e0000000, 0x00000000ffa00000, 0x0000000100000000)
  eden space 416768K, 0% used [0x00000000e0000000,0x00000000e0000000,0x00000000f9700000)
  from space 51200K, 53% used [0x00000000fc700000,0x00000000fe187b58,0x00000000ff900000)
  to   space 49152K, 0% used [0x00000000f9700000,0x00000000f9700000,0x00000000fc700000)
 ParOldGen       total 199680K, used 167253K [0x00000000a0000000, 0x00000000ac300000, 0x00000000e0000000)
  object space 199680K, 83% used [0x00000000a0000000,0x00000000aa355728,0x00000000ac300000)
 Metaspace       used 102691K, capacity 112412K, committed 112640K, reserved 1146880K
  class space    used 12976K, capacity 15239K, committed 15360K, reserved 1048576K
}

